
VAR

operon = 0 2 ;
mucuB = 0 1 ;

REG

free [(!(mucuB>=1))]=> operon ;
alg [(operon>=1)]=> operon ;
prod [(operon>=1)]=> mucuB ;

PARA

# Parameters for operon

K_operon = 0 2 ;
K_operon+alg = 2 ;
K_operon+free = 0 2 ;
K_operon+alg+free = 0 2 ;

# Parameters for mucuB

K_mucuB = 0 1 ;
K_mucuB+prod = 1 ;

# NO CTL FORMULA

# IMODEL

# K_operon = 0
# K_operon+alg = 2
# K_operon+free = 0
# K_operon+alg+free = 2

# K_mucuB = 0
# K_mucuB+prod = 1

# IMODEL

# K_operon = 0
# K_operon+alg = 2
# K_operon+free = 1 2
# K_operon+alg+free = 2

# K_mucuB = 0
# K_mucuB+prod = 1

# IMODEL

# K_operon = 1 2
# K_operon+alg = 2
# K_operon+free = 1 2
# K_operon+alg+free = 2

# K_mucuB = 0
# K_mucuB+prod = 1

# IMODEL

# K_operon = 0
# K_operon+alg = 2
# K_operon+free = 0
# K_operon+alg+free = 2

# K_mucuB = 1
# K_mucuB+prod = 1

# IMODEL

# K_operon = 0
# K_operon+alg = 2
# K_operon+free = 1 2
# K_operon+alg+free = 2

# K_mucuB = 1
# K_mucuB+prod = 1

# IMODEL

# K_operon = 1 2
# K_operon+alg = 2
# K_operon+free = 1 2
# K_operon+alg+free = 2

# K_mucuB = 1
# K_mucuB+prod = 1

# SELECTED MODELS | CHECKED MODELS = 0 / 6 (160ms)
